[2026-05-04 14:59:18] WARNING [liquibase.resource] Cannot handle classloader url file:/home/aaryan-baidhya/liquibase/lib/mysql-connector-java.jar: zip END header not found. Operations that need to list files from this location may not work as expected
java.lang.IllegalArgumentException: zip END header not found
	at liquibase.resource.ZipResourceAccessor.<init>(ZipResourceAccessor.java:65)
	at liquibase.resource.ZipResourceAccessor.<init>(ZipResourceAccessor.java:24)
	at liquibase.resource.ZipPathHandler.getResourceAccessor(ZipPathHandler.java:55)
	at liquibase.resource.PathHandlerFactory.getResourceAccessor(PathHandlerFactory.java:37)
	at liquibase.resource.ClassLoaderResourceAccessor.configureAdditionalResourceAccessors(ClassLoaderResourceAccessor.java:72)
	at liquibase.resource.ClassLoaderResourceAccessor.configureAdditionalResourceAccessors(ClassLoaderResourceAccessor.java:86)
	at liquibase.resource.ClassLoaderResourceAccessor.init(ClassLoaderResourceAccessor.java:55)
	at liquibase.resource.ClassLoaderResourceAccessor.describeLocations(ClassLoaderResourceAccessor.java:34)
	at liquibase.resource.CompositeResourceAccessor.describeLocations(CompositeResourceAccessor.java:82)
	at liquibase.resource.SearchPathResourceAccessor.<init>(SearchPathResourceAccessor.java:50)
	at liquibase.resource.SearchPathResourceAccessor.<init>(SearchPathResourceAccessor.java:21)
	at liquibase.integration.commandline.LiquibaseCommandLine.configureResourceAccessor(LiquibaseCommandLine.java:837)
	at liquibase.integration.commandline.LiquibaseCommandLine.lambda$configureScope$4(LiquibaseCommandLine.java:693)
	at liquibase.Scope.lambda$child$0(Scope.java:190)
	at liquibase.Scope.child(Scope.java:199)
	at liquibase.Scope.child(Scope.java:189)
	at liquibase.Scope.child(Scope.java:168)
	at liquibase.integration.commandline.LiquibaseCommandLine.configureScope(LiquibaseCommandLine.java:693)
	at liquibase.integration.commandline.LiquibaseCommandLine.lambda$execute$3(LiquibaseCommandLine.java:370)
	at liquibase.Scope.child(Scope.java:199)
	at liquibase.Scope.child(Scope.java:175)
	at liquibase.integration.commandline.LiquibaseCommandLine.execute(LiquibaseCommandLine.java:367)
	at liquibase.integration.commandline.LiquibaseCommandLine.main(LiquibaseCommandLine.java:104)
	at java.base/jdk.internal.reflect.NativeMethodAccessorImpl.invoke0(Native Method)
	at java.base/jdk.internal.reflect.NativeMethodAccessorImpl.invoke(NativeMethodAccessorImpl.java:77)
	at java.base/jdk.internal.reflect.DelegatingMethodAccessorImpl.invoke(DelegatingMethodAccessorImpl.java:43)
	at java.base/java.lang.reflect.Method.invoke(Method.java:569)
	at liquibase.integration.commandline.LiquibaseLauncher.main(LiquibaseLauncher.java:116)
Caused by: java.util.zip.ZipException: zip END header not found
	at jdk.zipfs/jdk.nio.zipfs.ZipFileSystem.findEND(ZipFileSystem.java:1320)
	at jdk.zipfs/jdk.nio.zipfs.ZipFileSystem.initCEN(ZipFileSystem.java:1534)
	at jdk.zipfs/jdk.nio.zipfs.ZipFileSystem.<init>(ZipFileSystem.java:179)
	at jdk.zipfs/jdk.nio.zipfs.ZipFileSystemProvider.getZipFileSystem(ZipFileSystemProvider.java:125)
	at jdk.zipfs/jdk.nio.zipfs.ZipFileSystemProvider.newFileSystem(ZipFileSystemProvider.java:106)
	at java.base/java.nio.file.FileSystems.newFileSystem(FileSystems.java:339)
	at liquibase.resource.ZipResourceAccessor.<init>(ZipResourceAccessor.java:50)
	... 27 more

[2026-05-04 14:59:18] INFO [liquibase.integration] Starting command execution.
[2026-05-04 14:59:18] SEVERE [liquibase.integration] zip END header not found
java.util.zip.ZipException: zip END header not found
	at java.base/java.util.zip.ZipFile$Source.findEND(ZipFile.java:1637)
	at java.base/java.util.zip.ZipFile$Source.initCEN(ZipFile.java:1645)
	at java.base/java.util.zip.ZipFile$Source.<init>(ZipFile.java:1483)
	at java.base/java.util.zip.ZipFile$Source.get(ZipFile.java:1445)
	at java.base/java.util.zip.ZipFile$CleanableResource.<init>(ZipFile.java:717)
	at java.base/java.util.zip.ZipFile.<init>(ZipFile.java:251)
	at java.base/java.util.zip.ZipFile.<init>(ZipFile.java:180)
	at java.base/java.util.jar.JarFile.<init>(JarFile.java:346)
	at java.base/java.util.jar.JarFile.<init>(JarFile.java:317)
	at java.base/java.util.jar.JarFile.<init>(JarFile.java:283)
	at liquibase.integration.commandline.VersionUtils.getLibraryInfo(VersionUtils.java:77)
	at liquibase.integration.commandline.VersionUtils.getLibraryInfoMap(VersionUtils.java:68)
	at liquibase.integration.commandline.LiquibaseCommandLine$LiquibaseVersionProvider.getVersion(LiquibaseCommandLine.java:1295)
	at picocli.CommandLine$Model$CommandSpec.version(CommandLine.java:7197)
	at picocli.CommandLine.printVersionHelp(CommandLine.java:2854)
	at picocli.CommandLine.executeHelpRequest(CommandLine.java:1997)
	at picocli.CommandLine.executeHelpRequest(CommandLine.java:1983)
	at picocli.CommandLine$AbstractParseResultHandler.execute(CommandLine.java:2268)
	at picocli.CommandLine$RunLast.execute(CommandLine.java:2417)
	at picocli.CommandLine.execute(CommandLine.java:2170)
	at liquibase.integration.commandline.LiquibaseCommandLine.lambda$execute$2(LiquibaseCommandLine.java:395)
	at liquibase.Scope.child(Scope.java:199)
	at liquibase.Scope.child(Scope.java:175)
	at liquibase.integration.commandline.LiquibaseCommandLine.lambda$execute$3(LiquibaseCommandLine.java:370)
	at liquibase.Scope.child(Scope.java:199)
	at liquibase.Scope.child(Scope.java:175)
	at liquibase.integration.commandline.LiquibaseCommandLine.execute(LiquibaseCommandLine.java:367)
	at liquibase.integration.commandline.LiquibaseCommandLine.main(LiquibaseCommandLine.java:104)
	at java.base/jdk.internal.reflect.NativeMethodAccessorImpl.invoke0(Native Method)
	at java.base/jdk.internal.reflect.NativeMethodAccessorImpl.invoke(NativeMethodAccessorImpl.java:77)
	at java.base/jdk.internal.reflect.DelegatingMethodAccessorImpl.invoke(DelegatingMethodAccessorImpl.java:43)
	at java.base/java.lang.reflect.Method.invoke(Method.java:569)
	at liquibase.integration.commandline.LiquibaseLauncher.main(LiquibaseLauncher.java:116)

[2026-05-04 14:59:28] WARNING [liquibase.resource] Cannot handle classloader url file:/home/aaryan-baidhya/liquibase/lib/mysql-connector-java.jar: zip END header not found. Operations that need to list files from this location may not work as expected
java.lang.IllegalArgumentException: zip END header not found
	at liquibase.resource.ZipResourceAccessor.<init>(ZipResourceAccessor.java:65)
	at liquibase.resource.ZipResourceAccessor.<init>(ZipResourceAccessor.java:24)
	at liquibase.resource.ZipPathHandler.getResourceAccessor(ZipPathHandler.java:55)
	at liquibase.resource.PathHandlerFactory.getResourceAccessor(PathHandlerFactory.java:37)
	at liquibase.resource.ClassLoaderResourceAccessor.configureAdditionalResourceAccessors(ClassLoaderResourceAccessor.java:72)
	at liquibase.resource.ClassLoaderResourceAccessor.configureAdditionalResourceAccessors(ClassLoaderResourceAccessor.java:86)
	at liquibase.resource.ClassLoaderResourceAccessor.init(ClassLoaderResourceAccessor.java:55)
	at liquibase.resource.ClassLoaderResourceAccessor.describeLocations(ClassLoaderResourceAccessor.java:34)
	at liquibase.resource.CompositeResourceAccessor.describeLocations(CompositeResourceAccessor.java:82)
	at liquibase.resource.SearchPathResourceAccessor.<init>(SearchPathResourceAccessor.java:50)
	at liquibase.resource.SearchPathResourceAccessor.<init>(SearchPathResourceAccessor.java:21)
	at liquibase.integration.commandline.LiquibaseCommandLine.configureResourceAccessor(LiquibaseCommandLine.java:837)
	at liquibase.integration.commandline.LiquibaseCommandLine.lambda$configureScope$4(LiquibaseCommandLine.java:693)
	at liquibase.Scope.lambda$child$0(Scope.java:190)
	at liquibase.Scope.child(Scope.java:199)
	at liquibase.Scope.child(Scope.java:189)
	at liquibase.Scope.child(Scope.java:168)
	at liquibase.integration.commandline.LiquibaseCommandLine.configureScope(LiquibaseCommandLine.java:693)
	at liquibase.integration.commandline.LiquibaseCommandLine.lambda$execute$3(LiquibaseCommandLine.java:370)
	at liquibase.Scope.child(Scope.java:199)
	at liquibase.Scope.child(Scope.java:175)
	at liquibase.integration.commandline.LiquibaseCommandLine.execute(LiquibaseCommandLine.java:367)
	at liquibase.integration.commandline.LiquibaseCommandLine.main(LiquibaseCommandLine.java:104)
	at java.base/jdk.internal.reflect.NativeMethodAccessorImpl.invoke0(Native Method)
	at java.base/jdk.internal.reflect.NativeMethodAccessorImpl.invoke(NativeMethodAccessorImpl.java:77)
	at java.base/jdk.internal.reflect.DelegatingMethodAccessorImpl.invoke(DelegatingMethodAccessorImpl.java:43)
	at java.base/java.lang.reflect.Method.invoke(Method.java:569)
	at liquibase.integration.commandline.LiquibaseLauncher.main(LiquibaseLauncher.java:116)
Caused by: java.util.zip.ZipException: zip END header not found
	at jdk.zipfs/jdk.nio.zipfs.ZipFileSystem.findEND(ZipFileSystem.java:1320)
	at jdk.zipfs/jdk.nio.zipfs.ZipFileSystem.initCEN(ZipFileSystem.java:1534)
	at jdk.zipfs/jdk.nio.zipfs.ZipFileSystem.<init>(ZipFileSystem.java:179)
	at jdk.zipfs/jdk.nio.zipfs.ZipFileSystemProvider.getZipFileSystem(ZipFileSystemProvider.java:125)
	at jdk.zipfs/jdk.nio.zipfs.ZipFileSystemProvider.newFileSystem(ZipFileSystemProvider.java:106)
	at java.base/java.nio.file.FileSystems.newFileSystem(FileSystems.java:339)
	at liquibase.resource.ZipResourceAccessor.<init>(ZipResourceAccessor.java:50)
	... 27 more

[2026-05-04 14:59:28] INFO [liquibase.integration] Starting command execution.
[2026-05-04 14:59:28] SEVERE [liquibase.integration] zip END header not found
java.util.zip.ZipException: zip END header not found
	at java.base/java.util.zip.ZipFile$Source.findEND(ZipFile.java:1637)
	at java.base/java.util.zip.ZipFile$Source.initCEN(ZipFile.java:1645)
	at java.base/java.util.zip.ZipFile$Source.<init>(ZipFile.java:1483)
	at java.base/java.util.zip.ZipFile$Source.get(ZipFile.java:1445)
	at java.base/java.util.zip.ZipFile$CleanableResource.<init>(ZipFile.java:717)
	at java.base/java.util.zip.ZipFile.<init>(ZipFile.java:251)
	at java.base/java.util.zip.ZipFile.<init>(ZipFile.java:180)
	at java.base/java.util.jar.JarFile.<init>(JarFile.java:346)
	at java.base/java.util.jar.JarFile.<init>(JarFile.java:317)
	at java.base/java.util.jar.JarFile.<init>(JarFile.java:283)
	at liquibase.integration.commandline.VersionUtils.getLibraryInfo(VersionUtils.java:77)
	at liquibase.integration.commandline.VersionUtils.getLibraryInfoMap(VersionUtils.java:68)
	at liquibase.integration.commandline.LiquibaseCommandLine$LiquibaseVersionProvider.getVersion(LiquibaseCommandLine.java:1295)
	at picocli.CommandLine$Model$CommandSpec.version(CommandLine.java:7197)
	at picocli.CommandLine.printVersionHelp(CommandLine.java:2854)
	at picocli.CommandLine.executeHelpRequest(CommandLine.java:1997)
	at picocli.CommandLine.executeHelpRequest(CommandLine.java:1983)
	at picocli.CommandLine$AbstractParseResultHandler.execute(CommandLine.java:2268)
	at picocli.CommandLine$RunLast.execute(CommandLine.java:2417)
	at picocli.CommandLine.execute(CommandLine.java:2170)
	at liquibase.integration.commandline.LiquibaseCommandLine.lambda$execute$2(LiquibaseCommandLine.java:395)
	at liquibase.Scope.child(Scope.java:199)
	at liquibase.Scope.child(Scope.java:175)
	at liquibase.integration.commandline.LiquibaseCommandLine.lambda$execute$3(LiquibaseCommandLine.java:370)
	at liquibase.Scope.child(Scope.java:199)
	at liquibase.Scope.child(Scope.java:175)
	at liquibase.integration.commandline.LiquibaseCommandLine.execute(LiquibaseCommandLine.java:367)
	at liquibase.integration.commandline.LiquibaseCommandLine.main(LiquibaseCommandLine.java:104)
	at java.base/jdk.internal.reflect.NativeMethodAccessorImpl.invoke0(Native Method)
	at java.base/jdk.internal.reflect.NativeMethodAccessorImpl.invoke(NativeMethodAccessorImpl.java:77)
	at java.base/jdk.internal.reflect.DelegatingMethodAccessorImpl.invoke(DelegatingMethodAccessorImpl.java:43)
	at java.base/java.lang.reflect.Method.invoke(Method.java:569)
	at liquibase.integration.commandline.LiquibaseLauncher.main(LiquibaseLauncher.java:116)

[2026-05-04 15:01:07] WARNING [liquibase.resource] Cannot handle classloader url file:/home/aaryan-baidhya/liquibase/lib/mysql-connector-java.jar: zip END header not found. Operations that need to list files from this location may not work as expected
java.lang.IllegalArgumentException: zip END header not found
	at liquibase.resource.ZipResourceAccessor.<init>(ZipResourceAccessor.java:65)
	at liquibase.resource.ZipResourceAccessor.<init>(ZipResourceAccessor.java:24)
	at liquibase.resource.ZipPathHandler.getResourceAccessor(ZipPathHandler.java:55)
	at liquibase.resource.PathHandlerFactory.getResourceAccessor(PathHandlerFactory.java:37)
	at liquibase.resource.ClassLoaderResourceAccessor.configureAdditionalResourceAccessors(ClassLoaderResourceAccessor.java:72)
	at liquibase.resource.ClassLoaderResourceAccessor.configureAdditionalResourceAccessors(ClassLoaderResourceAccessor.java:86)
	at liquibase.resource.ClassLoaderResourceAccessor.init(ClassLoaderResourceAccessor.java:55)
	at liquibase.resource.ClassLoaderResourceAccessor.describeLocations(ClassLoaderResourceAccessor.java:34)
	at liquibase.resource.CompositeResourceAccessor.describeLocations(CompositeResourceAccessor.java:82)
	at liquibase.resource.SearchPathResourceAccessor.<init>(SearchPathResourceAccessor.java:50)
	at liquibase.resource.SearchPathResourceAccessor.<init>(SearchPathResourceAccessor.java:21)
	at liquibase.integration.commandline.LiquibaseCommandLine.configureResourceAccessor(LiquibaseCommandLine.java:837)
	at liquibase.integration.commandline.LiquibaseCommandLine.lambda$configureScope$4(LiquibaseCommandLine.java:693)
	at liquibase.Scope.lambda$child$0(Scope.java:190)
	at liquibase.Scope.child(Scope.java:199)
	at liquibase.Scope.child(Scope.java:189)
	at liquibase.Scope.child(Scope.java:168)
	at liquibase.integration.commandline.LiquibaseCommandLine.configureScope(LiquibaseCommandLine.java:693)
	at liquibase.integration.commandline.LiquibaseCommandLine.lambda$execute$3(LiquibaseCommandLine.java:370)
	at liquibase.Scope.child(Scope.java:199)
	at liquibase.Scope.child(Scope.java:175)
	at liquibase.integration.commandline.LiquibaseCommandLine.execute(LiquibaseCommandLine.java:367)
	at liquibase.integration.commandline.LiquibaseCommandLine.main(LiquibaseCommandLine.java:104)
	at java.base/jdk.internal.reflect.NativeMethodAccessorImpl.invoke0(Native Method)
	at java.base/jdk.internal.reflect.NativeMethodAccessorImpl.invoke(NativeMethodAccessorImpl.java:77)
	at java.base/jdk.internal.reflect.DelegatingMethodAccessorImpl.invoke(DelegatingMethodAccessorImpl.java:43)
	at java.base/java.lang.reflect.Method.invoke(Method.java:569)
	at liquibase.integration.commandline.LiquibaseLauncher.main(LiquibaseLauncher.java:116)
Caused by: java.util.zip.ZipException: zip END header not found
	at jdk.zipfs/jdk.nio.zipfs.ZipFileSystem.findEND(ZipFileSystem.java:1320)
	at jdk.zipfs/jdk.nio.zipfs.ZipFileSystem.initCEN(ZipFileSystem.java:1534)
	at jdk.zipfs/jdk.nio.zipfs.ZipFileSystem.<init>(ZipFileSystem.java:179)
	at jdk.zipfs/jdk.nio.zipfs.ZipFileSystemProvider.getZipFileSystem(ZipFileSystemProvider.java:125)
	at jdk.zipfs/jdk.nio.zipfs.ZipFileSystemProvider.newFileSystem(ZipFileSystemProvider.java:106)
	at java.base/java.nio.file.FileSystems.newFileSystem(FileSystems.java:339)
	at liquibase.resource.ZipResourceAccessor.<init>(ZipResourceAccessor.java:50)
	... 27 more

[2026-05-04 15:01:07] INFO [liquibase.integration] Starting command execution.
[2026-05-04 15:01:07] SEVERE [liquibase.integration] zip END header not found
java.util.zip.ZipException: zip END header not found
	at java.base/java.util.zip.ZipFile$Source.findEND(ZipFile.java:1637)
	at java.base/java.util.zip.ZipFile$Source.initCEN(ZipFile.java:1645)
	at java.base/java.util.zip.ZipFile$Source.<init>(ZipFile.java:1483)
	at java.base/java.util.zip.ZipFile$Source.get(ZipFile.java:1445)
	at java.base/java.util.zip.ZipFile$CleanableResource.<init>(ZipFile.java:717)
	at java.base/java.util.zip.ZipFile.<init>(ZipFile.java:251)
	at java.base/java.util.zip.ZipFile.<init>(ZipFile.java:180)
	at java.base/java.util.jar.JarFile.<init>(JarFile.java:346)
	at java.base/java.util.jar.JarFile.<init>(JarFile.java:317)
	at java.base/java.util.jar.JarFile.<init>(JarFile.java:283)
	at liquibase.integration.commandline.VersionUtils.getLibraryInfo(VersionUtils.java:77)
	at liquibase.integration.commandline.VersionUtils.getLibraryInfoMap(VersionUtils.java:68)
	at liquibase.integration.commandline.LiquibaseCommandLine$LiquibaseVersionProvider.getVersion(LiquibaseCommandLine.java:1295)
	at picocli.CommandLine$Model$CommandSpec.version(CommandLine.java:7197)
	at picocli.CommandLine.printVersionHelp(CommandLine.java:2854)
	at picocli.CommandLine.executeHelpRequest(CommandLine.java:1997)
	at picocli.CommandLine.executeHelpRequest(CommandLine.java:1983)
	at picocli.CommandLine$AbstractParseResultHandler.execute(CommandLine.java:2268)
	at picocli.CommandLine$RunLast.execute(CommandLine.java:2417)
	at picocli.CommandLine.execute(CommandLine.java:2170)
	at liquibase.integration.commandline.LiquibaseCommandLine.lambda$execute$2(LiquibaseCommandLine.java:395)
	at liquibase.Scope.child(Scope.java:199)
	at liquibase.Scope.child(Scope.java:175)
	at liquibase.integration.commandline.LiquibaseCommandLine.lambda$execute$3(LiquibaseCommandLine.java:370)
	at liquibase.Scope.child(Scope.java:199)
	at liquibase.Scope.child(Scope.java:175)
	at liquibase.integration.commandline.LiquibaseCommandLine.execute(LiquibaseCommandLine.java:367)
	at liquibase.integration.commandline.LiquibaseCommandLine.main(LiquibaseCommandLine.java:104)
	at java.base/jdk.internal.reflect.NativeMethodAccessorImpl.invoke0(Native Method)
	at java.base/jdk.internal.reflect.NativeMethodAccessorImpl.invoke(NativeMethodAccessorImpl.java:77)
	at java.base/jdk.internal.reflect.DelegatingMethodAccessorImpl.invoke(DelegatingMethodAccessorImpl.java:43)
	at java.base/java.lang.reflect.Method.invoke(Method.java:569)
	at liquibase.integration.commandline.LiquibaseLauncher.main(LiquibaseLauncher.java:116)

[2026-05-04 15:01:54] WARNING [liquibase.resource] Cannot handle classloader url file:/home/aaryan-baidhya/liquibase/lib/mysql-connector-java.jar: zip END header not found. Operations that need to list files from this location may not work as expected
java.lang.IllegalArgumentException: zip END header not found
	at liquibase.resource.ZipResourceAccessor.<init>(ZipResourceAccessor.java:65)
	at liquibase.resource.ZipResourceAccessor.<init>(ZipResourceAccessor.java:24)
	at liquibase.resource.ZipPathHandler.getResourceAccessor(ZipPathHandler.java:55)
	at liquibase.resource.PathHandlerFactory.getResourceAccessor(PathHandlerFactory.java:37)
	at liquibase.resource.ClassLoaderResourceAccessor.configureAdditionalResourceAccessors(ClassLoaderResourceAccessor.java:72)
	at liquibase.resource.ClassLoaderResourceAccessor.configureAdditionalResourceAccessors(ClassLoaderResourceAccessor.java:86)
	at liquibase.resource.ClassLoaderResourceAccessor.init(ClassLoaderResourceAccessor.java:55)
	at liquibase.resource.ClassLoaderResourceAccessor.describeLocations(ClassLoaderResourceAccessor.java:34)
	at liquibase.resource.CompositeResourceAccessor.describeLocations(CompositeResourceAccessor.java:82)
	at liquibase.resource.SearchPathResourceAccessor.<init>(SearchPathResourceAccessor.java:50)
	at liquibase.resource.SearchPathResourceAccessor.<init>(SearchPathResourceAccessor.java:21)
	at liquibase.integration.commandline.LiquibaseCommandLine.configureResourceAccessor(LiquibaseCommandLine.java:837)
	at liquibase.integration.commandline.LiquibaseCommandLine.lambda$configureScope$4(LiquibaseCommandLine.java:693)
	at liquibase.Scope.lambda$child$0(Scope.java:190)
	at liquibase.Scope.child(Scope.java:199)
	at liquibase.Scope.child(Scope.java:189)
	at liquibase.Scope.child(Scope.java:168)
	at liquibase.integration.commandline.LiquibaseCommandLine.configureScope(LiquibaseCommandLine.java:693)
	at liquibase.integration.commandline.LiquibaseCommandLine.lambda$execute$3(LiquibaseCommandLine.java:370)
	at liquibase.Scope.child(Scope.java:199)
	at liquibase.Scope.child(Scope.java:175)
	at liquibase.integration.commandline.LiquibaseCommandLine.execute(LiquibaseCommandLine.java:367)
	at liquibase.integration.commandline.LiquibaseCommandLine.main(LiquibaseCommandLine.java:104)
	at java.base/jdk.internal.reflect.NativeMethodAccessorImpl.invoke0(Native Method)
	at java.base/jdk.internal.reflect.NativeMethodAccessorImpl.invoke(NativeMethodAccessorImpl.java:77)
	at java.base/jdk.internal.reflect.DelegatingMethodAccessorImpl.invoke(DelegatingMethodAccessorImpl.java:43)
	at java.base/java.lang.reflect.Method.invoke(Method.java:569)
	at liquibase.integration.commandline.LiquibaseLauncher.main(LiquibaseLauncher.java:116)
Caused by: java.util.zip.ZipException: zip END header not found
	at jdk.zipfs/jdk.nio.zipfs.ZipFileSystem.findEND(ZipFileSystem.java:1320)
	at jdk.zipfs/jdk.nio.zipfs.ZipFileSystem.initCEN(ZipFileSystem.java:1534)
	at jdk.zipfs/jdk.nio.zipfs.ZipFileSystem.<init>(ZipFileSystem.java:179)
	at jdk.zipfs/jdk.nio.zipfs.ZipFileSystemProvider.getZipFileSystem(ZipFileSystemProvider.java:125)
	at jdk.zipfs/jdk.nio.zipfs.ZipFileSystemProvider.newFileSystem(ZipFileSystemProvider.java:106)
	at java.base/java.nio.file.FileSystems.newFileSystem(FileSystems.java:339)
	at liquibase.resource.ZipResourceAccessor.<init>(ZipResourceAccessor.java:50)
	... 27 more

[2026-05-04 15:01:55] INFO [liquibase.integration] Starting command execution.
[2026-05-04 15:01:55] SEVERE [liquibase.integration] zip END header not found
java.util.zip.ZipException: zip END header not found
	at java.base/java.util.zip.ZipFile$Source.findEND(ZipFile.java:1637)
	at java.base/java.util.zip.ZipFile$Source.initCEN(ZipFile.java:1645)
	at java.base/java.util.zip.ZipFile$Source.<init>(ZipFile.java:1483)
	at java.base/java.util.zip.ZipFile$Source.get(ZipFile.java:1445)
	at java.base/java.util.zip.ZipFile$CleanableResource.<init>(ZipFile.java:717)
	at java.base/java.util.zip.ZipFile.<init>(ZipFile.java:251)
	at java.base/java.util.zip.ZipFile.<init>(ZipFile.java:180)
	at java.base/java.util.jar.JarFile.<init>(JarFile.java:346)
	at java.base/java.util.jar.JarFile.<init>(JarFile.java:317)
	at java.base/java.util.jar.JarFile.<init>(JarFile.java:283)
	at liquibase.integration.commandline.VersionUtils.getLibraryInfo(VersionUtils.java:77)
	at liquibase.integration.commandline.VersionUtils.getLibraryInfoMap(VersionUtils.java:68)
	at liquibase.integration.commandline.LiquibaseCommandLine$LiquibaseVersionProvider.getVersion(LiquibaseCommandLine.java:1295)
	at picocli.CommandLine$Model$CommandSpec.version(CommandLine.java:7197)
	at picocli.CommandLine.printVersionHelp(CommandLine.java:2854)
	at picocli.CommandLine.executeHelpRequest(CommandLine.java:1997)
	at picocli.CommandLine.executeHelpRequest(CommandLine.java:1983)
	at picocli.CommandLine$AbstractParseResultHandler.execute(CommandLine.java:2268)
	at picocli.CommandLine$RunLast.execute(CommandLine.java:2417)
	at picocli.CommandLine.execute(CommandLine.java:2170)
	at liquibase.integration.commandline.LiquibaseCommandLine.lambda$execute$2(LiquibaseCommandLine.java:395)
	at liquibase.Scope.child(Scope.java:199)
	at liquibase.Scope.child(Scope.java:175)
	at liquibase.integration.commandline.LiquibaseCommandLine.lambda$execute$3(LiquibaseCommandLine.java:370)
	at liquibase.Scope.child(Scope.java:199)
	at liquibase.Scope.child(Scope.java:175)
	at liquibase.integration.commandline.LiquibaseCommandLine.execute(LiquibaseCommandLine.java:367)
	at liquibase.integration.commandline.LiquibaseCommandLine.main(LiquibaseCommandLine.java:104)
	at java.base/jdk.internal.reflect.NativeMethodAccessorImpl.invoke0(Native Method)
	at java.base/jdk.internal.reflect.NativeMethodAccessorImpl.invoke(NativeMethodAccessorImpl.java:77)
	at java.base/jdk.internal.reflect.DelegatingMethodAccessorImpl.invoke(DelegatingMethodAccessorImpl.java:43)
	at java.base/java.lang.reflect.Method.invoke(Method.java:569)
	at liquibase.integration.commandline.LiquibaseLauncher.main(LiquibaseLauncher.java:116)

[2026-05-04 15:04:34] INFO [liquibase.integration] Starting command execution.
[2026-05-04 15:04:34] INFO [liquibase.integration] Generated version info
[2026-05-04 15:10:52] INFO [liquibase.ui] ####################################################
##   _     _             _ _                      ##
##  | |   (_)           (_) |                     ##
##  | |    _  __ _ _   _ _| |__   __ _ ___  ___   ##
##  | |   | |/ _` | | | | | '_ \ / _` / __|/ _ \  ##
##  | |___| | (_| | |_| | | |_) | (_| \__ \  __/  ##
##  \_____/_|\__, |\__,_|_|_.__/ \__,_|___/\___|  ##
##              | |                               ##
##              |_|                               ##
##                                                ## 
##  Get documentation at docs.liquibase.com       ##
##  Get certified courses at learn.liquibase.com  ## 
##                                                ##
####################################################
Starting Liquibase at 15:10:52 (version 4.27.0 #1525 built at 2024-03-25 17:08+0000)
[2026-05-04 15:10:52] INFO [liquibase.ui] Liquibase Version: 4.27.0
[2026-05-04 15:10:52] INFO [liquibase.ui] Liquibase Open Source 4.27.0 by Liquibase
[2026-05-04 15:10:52] INFO [liquibase.integration] Starting command execution.
[2026-05-04 15:10:53] WARNING [liquibase.command] Ignoring the global liquibase.driver value in favor of the command value.
[2026-05-04 15:10:53] INFO [liquibase.changelog] Creating database history table with name: zakipoint_db.DATABASECHANGELOG
[2026-05-04 15:10:53] INFO [liquibase.changelog] Reading from zakipoint_db.DATABASECHANGELOG
[2026-05-04 15:10:53] INFO [liquibase.lockservice] Successfully acquired change log lock
[2026-05-04 15:10:53] INFO [liquibase.command] Using deploymentId: 7886753850
[2026-05-04 15:10:53] INFO [liquibase.changelog] Reading from zakipoint_db.DATABASECHANGELOG
[2026-05-04 15:10:53] INFO [liquibase.ui] Running Changeset: db/changelog/changes/001-create-schema.sql::001-create-schema::aaryan.baidhya
[2026-05-04 15:10:53] WARNING [liquibase.executor] Can't create database 'zakipoint_db'; database exists
[2026-05-04 15:10:53] INFO [liquibase.changelog] Custom SQL executed
[2026-05-04 15:10:53] INFO [liquibase.changelog] ChangeSet db/changelog/changes/001-create-schema.sql::001-create-schema::aaryan.baidhya ran successfully in 24ms
[2026-05-04 15:10:53] INFO [liquibase.ui] Running Changeset: db/changelog/changes/002-add-tables.sql::002-create-patients-table::aaryan.baidhya
[2026-05-04 15:10:53] WARNING [liquibase.executor] Integer display width is deprecated and will be removed in a future release.
[2026-05-04 15:10:53] INFO [liquibase.changelog] Custom SQL executed
[2026-05-04 15:10:53] INFO [liquibase.changelog] ChangeSet db/changelog/changes/002-add-tables.sql::002-create-patients-table::aaryan.baidhya ran successfully in 43ms
[2026-05-04 15:10:53] INFO [liquibase.ui] Running Changeset: db/changelog/changes/002-add-tables.sql::002-create-doctors-table::aaryan.baidhya
[2026-05-04 15:10:54] WARNING [liquibase.executor] Integer display width is deprecated and will be removed in a future release.
[2026-05-04 15:10:54] INFO [liquibase.changelog] Custom SQL executed
[2026-05-04 15:10:54] INFO [liquibase.changelog] ChangeSet db/changelog/changes/002-add-tables.sql::002-create-doctors-table::aaryan.baidhya ran successfully in 47ms
[2026-05-04 15:10:54] INFO [liquibase.ui] Running Changeset: db/changelog/changes/002-add-tables.sql::002-create-appointments-table::aaryan.baidhya
[2026-05-04 15:10:54] INFO [liquibase.changelog] Custom SQL executed
[2026-05-04 15:10:54] INFO [liquibase.changelog] ChangeSet db/changelog/changes/002-add-tables.sql::002-create-appointments-table::aaryan.baidhya ran successfully in 56ms
[2026-05-04 15:10:54] INFO [liquibase.ui] Running Changeset: db/changelog/changes/002-add-tables.sql::002-create-medical-records-table::aaryan.baidhya
[2026-05-04 15:10:54] INFO [liquibase.changelog] Custom SQL executed
[2026-05-04 15:10:54] INFO [liquibase.changelog] ChangeSet db/changelog/changes/002-add-tables.sql::002-create-medical-records-table::aaryan.baidhya ran successfully in 54ms
[2026-05-04 15:10:54] INFO [liquibase.ui] Running Changeset: db/changelog/changes/003-add-indexes-constraints.sql::003-add-indexes::aaryan.baidhya
[2026-05-04 15:10:54] INFO [liquibase.changelog] Custom SQL executed
[2026-05-04 15:10:54] INFO [liquibase.changelog] ChangeSet db/changelog/changes/003-add-indexes-constraints.sql::003-add-indexes::aaryan.baidhya ran successfully in 301ms
[2026-05-04 15:10:54] INFO [liquibase.ui] Running Changeset: db/changelog/changes/004-seed-data.sql::004-seed-doctors::aaryan.baidhya
[2026-05-04 15:10:54] INFO [liquibase.changelog] Custom SQL executed
[2026-05-04 15:10:54] INFO [liquibase.changelog] ChangeSet db/changelog/changes/004-seed-data.sql::004-seed-doctors::aaryan.baidhya ran successfully in 10ms
[2026-05-04 15:10:54] INFO [liquibase.ui] Running Changeset: db/changelog/changes/004-seed-data.sql::004-seed-patients::aaryan.baidhya
[2026-05-04 15:10:54] INFO [liquibase.changelog] Custom SQL executed
[2026-05-04 15:10:54] INFO [liquibase.changelog] ChangeSet db/changelog/changes/004-seed-data.sql::004-seed-patients::aaryan.baidhya ran successfully in 12ms
[2026-05-04 15:10:54] INFO [liquibase.ui] Running Changeset: db/changelog/changes/004-seed-data.sql::004-seed-appointments::aaryan.baidhya
[2026-05-04 15:10:54] INFO [liquibase.changelog] Custom SQL executed
[2026-05-04 15:10:54] INFO [liquibase.changelog] ChangeSet db/changelog/changes/004-seed-data.sql::004-seed-appointments::aaryan.baidhya ran successfully in 10ms
[2026-05-04 15:10:54] INFO [liquibase.ui] Running Changeset: db/changelog/changes/005-add-audit-table.sql::005-add-audit-table::aaryan.baidhya
[2026-05-04 15:10:54] INFO [liquibase.changelog] Custom SQL executed
[2026-05-04 15:10:54] INFO [liquibase.changelog] ChangeSet db/changelog/changes/005-add-audit-table.sql::005-add-audit-table::aaryan.baidhya ran successfully in 106ms
[2026-05-04 15:10:54] INFO [liquibase.util] UPDATE SUMMARY
[2026-05-04 15:10:54] INFO [liquibase.util] Run:                         10
[2026-05-04 15:10:54] INFO [liquibase.util] Previously run:               0
[2026-05-04 15:10:54] INFO [liquibase.util] Filtered out:                 0
[2026-05-04 15:10:54] INFO [liquibase.util] -------------------------------
[2026-05-04 15:10:54] INFO [liquibase.util] Total change sets:           10
[2026-05-04 15:10:54] INFO [liquibase.util] Update summary generated
[2026-05-04 15:10:54] INFO [liquibase.command] Update command completed successfully.
[2026-05-04 15:10:54] INFO [liquibase.ui] Liquibase: Update has been successful. Rows affected: 28
[2026-05-04 15:10:54] INFO [liquibase.lockservice] Successfully released change log lock
[2026-05-04 15:10:54] INFO [liquibase.command] Command execution complete
[2026-05-04 15:10:54] INFO [liquibase.ui] Logs saved to logs/liquibase-update.log
[2026-05-04 15:10:54] INFO [liquibase.ui] Liquibase command 'update' was executed successfully.
[2026-05-04 15:11:13] INFO [liquibase.ui] ####################################################
##   _     _             _ _                      ##
##  | |   (_)           (_) |                     ##
##  | |    _  __ _ _   _ _| |__   __ _ ___  ___   ##
##  | |   | |/ _` | | | | | '_ \ / _` / __|/ _ \  ##
##  | |___| | (_| | |_| | | |_) | (_| \__ \  __/  ##
##  \_____/_|\__, |\__,_|_|_.__/ \__,_|___/\___|  ##
##              | |                               ##
##              |_|                               ##
##                                                ## 
##  Get documentation at docs.liquibase.com       ##
##  Get certified courses at learn.liquibase.com  ## 
##                                                ##
####################################################
Starting Liquibase at 15:11:13 (version 4.27.0 #1525 built at 2024-03-25 17:08+0000)
[2026-05-04 15:11:13] INFO [liquibase.ui] Liquibase Version: 4.27.0
[2026-05-04 15:11:13] INFO [liquibase.ui] Liquibase Open Source 4.27.0 by Liquibase
[2026-05-04 15:11:13] INFO [liquibase.integration] Starting command execution.
[2026-05-04 15:11:13] WARNING [liquibase.command] Ignoring the global liquibase.driver value in favor of the command value.
[2026-05-04 15:11:13] INFO [liquibase.changelog] Reading from zakipoint_db.DATABASECHANGELOG
[2026-05-04 15:11:13] INFO [liquibase.ui] Database is up to date, no changesets to execute
[2026-05-04 15:11:13] INFO [liquibase.changelog] Reading from zakipoint_db.DATABASECHANGELOG
[2026-05-04 15:11:13] INFO [liquibase.util] UPDATE SUMMARY
[2026-05-04 15:11:13] INFO [liquibase.util] Run:                          0
[2026-05-04 15:11:13] INFO [liquibase.util] Previously run:              10
[2026-05-04 15:11:13] INFO [liquibase.util] Filtered out:                 0
[2026-05-04 15:11:13] INFO [liquibase.util] -------------------------------
[2026-05-04 15:11:13] INFO [liquibase.util] Total change sets:           10
[2026-05-04 15:11:13] INFO [liquibase.util] Update summary generated
[2026-05-04 15:11:13] INFO [liquibase.lockservice] Successfully released change log lock
[2026-05-04 15:11:13] INFO [liquibase.command] Command execution complete
[2026-05-04 15:11:13] INFO [liquibase.ui] Logs saved to logs/liquibase-update.log
[2026-05-04 15:11:13] INFO [liquibase.ui] Liquibase command 'update' was executed successfully.
[2026-05-04 15:11:15] INFO [liquibase.ui] ####################################################
##   _     _             _ _                      ##
##  | |   (_)           (_) |                     ##
##  | |    _  __ _ _   _ _| |__   __ _ ___  ___   ##
##  | |   | |/ _` | | | | | '_ \ / _` / __|/ _ \  ##
##  | |___| | (_| | |_| | | |_) | (_| \__ \  __/  ##
##  \_____/_|\__, |\__,_|_|_.__/ \__,_|___/\___|  ##
##              | |                               ##
##              |_|                               ##
##                                                ## 
##  Get documentation at docs.liquibase.com       ##
##  Get certified courses at learn.liquibase.com  ## 
##                                                ##
####################################################
Starting Liquibase at 15:11:15 (version 4.27.0 #1525 built at 2024-03-25 17:08+0000)
[2026-05-04 15:11:15] INFO [liquibase.ui] Liquibase Version: 4.27.0
[2026-05-04 15:11:15] INFO [liquibase.ui] Liquibase Open Source 4.27.0 by Liquibase
[2026-05-04 15:11:15] INFO [liquibase.integration] Starting command execution.
[2026-05-04 15:11:15] WARNING [liquibase.command] Ignoring the global liquibase.driver value in favor of the command value.
[2026-05-04 15:11:16] INFO [liquibase.changelog] Reading from zakipoint_db.DATABASECHANGELOG
[2026-05-04 15:11:16] INFO [liquibase.ui] Database is up to date, no changesets to execute
[2026-05-04 15:11:16] INFO [liquibase.changelog] Reading from zakipoint_db.DATABASECHANGELOG
[2026-05-04 15:11:16] INFO [liquibase.util] UPDATE SUMMARY
[2026-05-04 15:11:16] INFO [liquibase.util] Run:                          0
[2026-05-04 15:11:16] INFO [liquibase.util] Previously run:              10
[2026-05-04 15:11:16] INFO [liquibase.util] Filtered out:                 0
[2026-05-04 15:11:16] INFO [liquibase.util] -------------------------------
[2026-05-04 15:11:16] INFO [liquibase.util] Total change sets:           10
[2026-05-04 15:11:16] INFO [liquibase.util] Update summary generated
[2026-05-04 15:11:16] INFO [liquibase.lockservice] Successfully released change log lock
[2026-05-04 15:11:16] INFO [liquibase.command] Command execution complete
[2026-05-04 15:11:16] INFO [liquibase.ui] Logs saved to logs/liquibase-update.log
[2026-05-04 15:11:16] INFO [liquibase.ui] Liquibase command 'update' was executed successfully.
[2026-05-04 15:11:24] INFO [liquibase.ui] ####################################################
##   _     _             _ _                      ##
##  | |   (_)           (_) |                     ##
##  | |    _  __ _ _   _ _| |__   __ _ ___  ___   ##
##  | |   | |/ _` | | | | | '_ \ / _` / __|/ _ \  ##
##  | |___| | (_| | |_| | | |_) | (_| \__ \  __/  ##
##  \_____/_|\__, |\__,_|_|_.__/ \__,_|___/\___|  ##
##              | |                               ##
##              |_|                               ##
##                                                ## 
##  Get documentation at docs.liquibase.com       ##
##  Get certified courses at learn.liquibase.com  ## 
##                                                ##
####################################################
Starting Liquibase at 15:11:24 (version 4.27.0 #1525 built at 2024-03-25 17:08+0000)
[2026-05-04 15:11:24] INFO [liquibase.ui] Liquibase Version: 4.27.0
[2026-05-04 15:11:24] INFO [liquibase.ui] Liquibase Open Source 4.27.0 by Liquibase
[2026-05-04 15:11:24] INFO [liquibase.integration] Starting command execution.
[2026-05-04 15:11:24] WARNING [liquibase.configuration] Potentially ignored key(s) in file exists at path liquibase.properties
 - 'changeLogFile'
 - 'password'
 - 'url'
 - 'username'
[2026-05-04 15:11:24] INFO [liquibase.changelog] Reading from zakipoint_db.DATABASECHANGELOG
[2026-05-04 15:11:24] INFO [liquibase.command] Command execution complete
[2026-05-04 15:11:24] INFO [liquibase.command] Command execution complete
[2026-05-04 15:11:24] INFO [liquibase.ui] Logs saved to logs/liquibase-update.log
[2026-05-04 15:11:24] INFO [liquibase.ui] Liquibase command 'history' was executed successfully.
